<?xml version="1.0" encoding="UTF-8"?>
<!-- Generated by org.testng.reporters.JUnitReportReporter -->
<testsuite skipped="0" hostname="V2IT01" name="Hiremee_Candidate_TestCase.candidate_current_opennings_Testcase" tests="1" failures="0" timestamp="19 Feb 2019 07:38:10 GMT" time="31.006" errors="0">
  <testcase name="Candidate_Dashboard_Testcase" time="31.006" classname="Hiremee_Candidate_TestCase.candidate_current_opennings_Testcase"/>
</testsuite> <!-- Hiremee_Candidate_TestCase.candidate_current_opennings_Testcase -->
