<?xml version="1.0" encoding="UTF-8"?>
<!-- Generated by org.testng.reporters.JUnitReportReporter -->
<testsuite skipped="0" hostname="V2IT01" name="Driver_Started_College_Module.College_Driver_Class" tests="12" failures="0" timestamp="29 Mar 2019 13:51:13 GMT" time="211.942" errors="0">
  <testcase name="College_registration_Testcase" time="45.711" classname="Driver_Started_College_Module.College_Driver_Class"/>
  <testcase name="College_login_Testcase" time="3.755" classname="Driver_Started_College_Module.College_Driver_Class"/>
  <testcase name="College_Dashboard_Testcase" time="12.944" classname="Driver_Started_College_Module.College_Driver_Class"/>
  <testcase name="College_profile_Testcase" time="38.596" classname="Driver_Started_College_Module.College_Driver_Class"/>
  <testcase name="College_upload_student_details_Testcase" time="4.815" classname="Driver_Started_College_Module.College_Driver_Class"/>
  <testcase name="college_Assessment_Exam_Center_creation" time="1.802" classname="Driver_Started_College_Module.College_Driver_Class"/>
  <testcase name="college_Assessment_Exam_Halticket_Update" time="0.932" classname="Driver_Started_College_Module.College_Driver_Class"/>
  <testcase name="college_Assessment_Exam_Candidate" time="7.553" classname="Driver_Started_College_Module.College_Driver_Class"/>
  <testcase name="College_registered_students_details_Testcase" time="1.865" classname="Driver_Started_College_Module.College_Driver_Class"/>
  <testcase name="College_assessment_scores_Testcase" time="30.693" classname="Driver_Started_College_Module.College_Driver_Class"/>
  <testcase name="College_Change_password_Testcase" time="30.731" classname="Driver_Started_College_Module.College_Driver_Class"/>
  <testcase name="College_feedback_Tescase" time="32.545" classname="Driver_Started_College_Module.College_Driver_Class"/>
</testsuite> <!-- Driver_Started_College_Module.College_Driver_Class -->
