<?xml version="1.0" encoding="UTF-8"?>
<!-- Generated by org.testng.reporters.JUnitReportReporter -->
<testsuite skipped="0" hostname="V2IT01" name="Driver_Started_Receruiter_Module.Recruiter_Driver_Class" tests="8" failures="0" timestamp="29 Mar 2019 13:08:28 GMT" time="351.900" errors="0">
  <testcase name="Recruiter_login_Testcase" time="12.547" classname="Driver_Started_Receruiter_Module.Recruiter_Driver_Class"/>
  <testcase name="Recruiter_dashboard_Testcase" time="65.484" classname="Driver_Started_Receruiter_Module.Recruiter_Driver_Class"/>
  <testcase name="Recreuiter_Post_a_job_Testcase" time="36.297" classname="Driver_Started_Receruiter_Module.Recruiter_Driver_Class"/>
  <testcase name="Recruiter_Search_Candidate_Testcase" time="8.588" classname="Driver_Started_Receruiter_Module.Recruiter_Driver_Class"/>
  <testcase name="Recruiter_email_template_Testcase" time="10.634" classname="Driver_Started_Receruiter_Module.Recruiter_Driver_Class"/>
  <testcase name="Recruiter_All_shortlisted_candidate_Testcase" time="187.210" classname="Driver_Started_Receruiter_Module.Recruiter_Driver_Class"/>
  <testcase name="Recruiter_changepassword_Testcase" time="8.398" classname="Driver_Started_Receruiter_Module.Recruiter_Driver_Class"/>
  <testcase name="Recruiter_feedback_TestCase" time="22.742" classname="Driver_Started_Receruiter_Module.Recruiter_Driver_Class"/>
</testsuite> <!-- Driver_Started_Receruiter_Module.Recruiter_Driver_Class -->
