<?xml version="1.0" encoding="UTF-8"?>
<!-- Generated by org.testng.reporters.JUnitReportReporter -->
<testsuite skipped="0" hostname="V2IT01" name="Hiremee_College_Module_Testcase.college_upload_student_details_Testcase" tests="1" failures="0" timestamp="21 Feb 2019 05:53:59 GMT" time="134.844" errors="0">
  <testcase name="college_Upload_Student_Details_Testcases" time="134.844" classname="Hiremee_College_Module_Testcase.college_upload_student_details_Testcase"/>
</testsuite> <!-- Hiremee_College_Module_Testcase.college_upload_student_details_Testcase -->
