<?xml version="1.0" encoding="UTF-8"?>
<!-- Generated by org.testng.reporters.JUnitReportReporter -->
<testsuite hostname="V2IT01" name="Hiremee_Company_Module_Testcases.company_email_template_Testcase" tests="1" failures="0" timestamp="6 Feb 2019 13:15:48 GMT" time="24.619" errors="0">
  <testcase name="Company_Email_Candidate" time="24.619" classname="Hiremee_Company_Module_Testcases.company_email_template_Testcase"/>
</testsuite> <!-- Hiremee_Company_Module_Testcases.company_email_template_Testcase -->
