<?xml version="1.0" encoding="UTF-8"?>
<!-- Generated by org.testng.reporters.JUnitReportReporter -->
<testsuite hostname="V2IT01" name="Hiremee_Company_Module_Testcases.company_feedback_TestCase" tests="1" failures="0" timestamp="7 Feb 2019 12:32:01 GMT" time="27.813" errors="0">
  <testcase name="Company_dashboard" time="27.813" classname="Hiremee_Company_Module_Testcases.company_feedback_TestCase"/>
</testsuite> <!-- Hiremee_Company_Module_Testcases.company_feedback_TestCase -->
