<?xml version="1.0" encoding="UTF-8"?>
<!-- Generated by org.testng.reporters.JUnitReportReporter -->
<testsuite skipped="0" hostname="V2IT01" name="Hiremee_Candidate_TestCase.candidate_Myprofile_Testcase" tests="1" failures="0" timestamp="19 Feb 2019 06:41:52 GMT" time="19.661" errors="0">
  <testcase name="candidate_login_Testcases" time="19.661" classname="Hiremee_Candidate_TestCase.candidate_Myprofile_Testcase"/>
</testsuite> <!-- Hiremee_Candidate_TestCase.candidate_Myprofile_Testcase -->
