<?xml version="1.0" encoding="UTF-8"?>
<!-- Generated by org.testng.reporters.JUnitReportReporter -->
<testsuite skipped="0" hostname="V2IT01" name="Extent_Report.ExtentReportsClassVersion3" tests="19" failures="0" timestamp="28 Jan 2019 10:23:36 GMT" time="88.435" errors="0">
  <testcase name="Hiremee_Automation_Recruiter_Home_page" time="4.096" classname="Extent_Report.ExtentReportsClassVersion3"/>
  <testcase name="Hiremee_Automation_Recruiter_Login_page" time="11.065" classname="Extent_Report.ExtentReportsClassVersion3"/>
  <testcase name="Hiremee_Automation_Recruiter_Dashboard_page" time="2.864" classname="Extent_Report.ExtentReportsClassVersion3"/>
  <testcase name="Hiremee_Automation_Recruiter_candidate_page" time="3.455" classname="Extent_Report.ExtentReportsClassVersion3"/>
  <testcase name="Hiremee_Automation_Recruiter_All_candidate_page" time="3.818" classname="Extent_Report.ExtentReportsClassVersion3"/>
  <testcase name="Hiremee_Automation_Recruiter_Shortlisted_candidate_page" time="3.780" classname="Extent_Report.ExtentReportsClassVersion3"/>
  <testcase name="Hiremee_Automation_Recruiter_Invited_candidate_page" time="3.715" classname="Extent_Report.ExtentReportsClassVersion3"/>
  <testcase name="Hiremee_Automation_Recruiter_Hired_candidate_page" time="3.721" classname="Extent_Report.ExtentReportsClassVersion3"/>
  <testcase name="Hiremee_Automation_Recruiter_Jobs_page" time="3.525" classname="Extent_Report.ExtentReportsClassVersion3"/>
  <testcase name="Hiremee_Automation_Recruiter_Posted_Jobs_page" time="3.925" classname="Extent_Report.ExtentReportsClassVersion3"/>
  <testcase name="Hiremee_Automation_Recruiter_Application_Jobs_page" time="3.904" classname="Extent_Report.ExtentReportsClassVersion3"/>
  <testcase name="Hiremee_Automation_Recruiter_Post_Jobs_page" time="3.798" classname="Extent_Report.ExtentReportsClassVersion3"/>
  <testcase name="Hiremee_Automation_Recruiter_Search_candidate_page" time="3.836" classname="Extent_Report.ExtentReportsClassVersion3"/>
  <testcase name="Hiremee_Automation_Recruiter_Email_Template_page" time="3.839" classname="Extent_Report.ExtentReportsClassVersion3"/>
  <testcase name="Hiremee_Automation_Recruiter_FAQ_page" time="3.944" classname="Extent_Report.ExtentReportsClassVersion3"/>
  <testcase name="Hiremee_Automation_Recruiter_Feedback_page" time="6.772" classname="Extent_Report.ExtentReportsClassVersion3"/>
  <testcase name="Hiremee_Automation_Recruiter_Profile_page" time="7.052" classname="Extent_Report.ExtentReportsClassVersion3"/>
  <testcase name="Hiremee_Automation_Recruiter_Change_Password_page" time="6.923" classname="Extent_Report.ExtentReportsClassVersion3"/>
  <testcase name="Hiremee_Automation_Recruiter_Logout_page" time="4.403" classname="Extent_Report.ExtentReportsClassVersion3"/>
</testsuite> <!-- Extent_Report.ExtentReportsClassVersion3 -->
