<?xml version="1.0" encoding="UTF-8"?>
<!-- Generated by org.testng.reporters.JUnitReportReporter -->
<testsuite hostname="V2IT01" name="Hiremee_Recruiter_Module_Testcase.recruiter_login_Testcase" tests="1" failures="0" timestamp="7 Feb 2019 13:38:10 GMT" time="8.985" errors="0">
  <testcase name="company_login_Testcase" time="8.985" classname="Hiremee_Recruiter_Module_Testcase.recruiter_login_Testcase"/>
</testsuite> <!-- Hiremee_Recruiter_Module_Testcase.recruiter_login_Testcase -->
