<?xml version="1.0" encoding="UTF-8"?>
<!-- Generated by org.testng.reporters.JUnitReportReporter -->
<testsuite hostname="V2IT01" name="Hiremee_Recruiter_Module_Testcase.recruiter_feedback_TestCase" tests="1" failures="0" timestamp="12 Feb 2019 10:26:37 GMT" time="26.464" errors="0">
  <testcase name="Company_dashboard" time="26.464" classname="Hiremee_Recruiter_Module_Testcase.recruiter_feedback_TestCase"/>
</testsuite> <!-- Hiremee_Recruiter_Module_Testcase.recruiter_feedback_TestCase -->
