<?xml version="1.0" encoding="UTF-8"?>
<!-- Generated by org.testng.reporters.JUnitReportReporter -->
<testsuite skipped="0" hostname="V2IT01" name="Hiremee_Candidate_TestCase.candidate_search_jobs_Testcase" tests="1" failures="0" timestamp="19 Feb 2019 09:04:20 GMT" time="25.071" errors="0">
  <testcase name="Candidate_Search_jobs_Testcase" time="25.071" classname="Hiremee_Candidate_TestCase.candidate_search_jobs_Testcase"/>
</testsuite> <!-- Hiremee_Candidate_TestCase.candidate_search_jobs_Testcase -->
