<?xml version="1.0" encoding="UTF-8"?>
<!-- Generated by org.testng.reporters.JUnitReportReporter -->
<testsuite skipped="0" hostname="V2IT01" name="Hiremee_College_Module_Testcase.college_registered_students_details_Testcase" tests="1" failures="0" timestamp="21 Feb 2019 06:13:02 GMT" time="19.525" errors="0">
  <testcase name="College_Registered_Students_Testcase" time="19.525" classname="Hiremee_College_Module_Testcase.college_registered_students_details_Testcase"/>
</testsuite> <!-- Hiremee_College_Module_Testcase.college_registered_students_details_Testcase -->
