<?xml version="1.0" encoding="UTF-8"?>
<!-- Generated by org.testng.reporters.JUnitReportReporter -->
<testsuite skipped="0" hostname="V2IT01" name="Hiremee_Pro_Company_Module_Testcase.Pro_company_Login_Testcase" tests="1" failures="0" timestamp="28 Mar 2019 11:49:19 GMT" time="2067.033" errors="0">
  <testcase name="company_login_Testcase" time="2067.033" classname="Hiremee_Pro_Company_Module_Testcase.Pro_company_Login_Testcase"/>
</testsuite> <!-- Hiremee_Pro_Company_Module_Testcase.Pro_company_Login_Testcase -->
