<?xml version="1.0" encoding="UTF-8"?>
<!-- Generated by org.testng.reporters.JUnitReportReporter -->
<testsuite skipped="0" hostname="V2IT01" name="Driver_Started.Hiremee_Smoke_Test_Driver_Initial" tests="2" failures="0" timestamp="23 Apr 2019 10:40:22 GMT" time="21.267" errors="0">
  <testcase name="Hiremee_Automation_candidate_module_Home_page" time="7.183" classname="Driver_Started.Hiremee_Smoke_Test_Driver_Initial"/>
  <testcase name="Hiremee_Automation_candidate_module_Home_page" time="14.084" classname="Driver_Started.Hiremee_Smoke_Test_Driver_Initial"/>
</testsuite> <!-- Driver_Started.Hiremee_Smoke_Test_Driver_Initial -->
