<?xml version="1.0" encoding="UTF-8"?>
<!-- Generated by org.testng.reporters.JUnitReportReporter -->
<testsuite skipped="0" hostname="V2IT01" name="Hiremee_College_page_UAT_smoke.College_UAT_Smoke" tests="1" failures="0" timestamp="10 Jan 2019 12:29:10 GMT" time="75.205" errors="0">
  <testcase name="college_page" time="75.205" classname="Hiremee_College_page_UAT_smoke.College_UAT_Smoke"/>
</testsuite> <!-- Hiremee_College_page_UAT_smoke.College_UAT_Smoke -->
