<?xml version="1.0" encoding="UTF-8"?>
<!-- Generated by org.testng.reporters.JUnitReportReporter -->
<testsuite skipped="0" hostname="V2IT01" name="Hiremee_Candidate_TestCase.candidate_pooled_campus_registration_Testcase" tests="1" failures="0" timestamp="19 Feb 2019 13:51:42 GMT" time="71.302" errors="0">
  <testcase name="Candidate_Pooled_campus_registration_Testcase" time="71.302" classname="Hiremee_Candidate_TestCase.candidate_pooled_campus_registration_Testcase"/>
</testsuite> <!-- Hiremee_Candidate_TestCase.candidate_pooled_campus_registration_Testcase -->
