<?xml version="1.0" encoding="UTF-8"?>
<!-- Generated by org.testng.reporters.JUnitReportReporter -->
<testsuite hostname="V2IT01" name="Hiremee_Company_Module_Testcases.company_shortlisted_candidate_Testcase" tests="1" failures="0" timestamp="7 Feb 2019 07:26:16 GMT" time="75.302" errors="0">
  <testcase name="Company_Shortlisted_Candidate" time="75.302" classname="Hiremee_Company_Module_Testcases.company_shortlisted_candidate_Testcase"/>
</testsuite> <!-- Hiremee_Company_Module_Testcases.company_shortlisted_candidate_Testcase -->
