<?xml version="1.0" encoding="UTF-8"?>
<!-- Generated by org.testng.reporters.JUnitReportReporter -->
<testsuite skipped="71" hostname="V2IT01" name="Extent_Report.Hiremee_Smoke_Test_Driver_Initial" tests="72" failures="0" timestamp="28 Jan 2019 10:45:12 GMT" time="0.379" errors="1">
  <testcase name="Start_driver" time="0.379" classname="Extent_Report.Hiremee_Smoke_Test_Driver_Initial">
    <error type="io.github.bonigarcia.wdm.WebDriverManagerException" message="java.net.UnknownHostException: chromedriver.storage.googleapis.com">
      <![CDATA[io.github.bonigarcia.wdm.WebDriverManagerException: java.net.UnknownHostException: chromedriver.storage.googleapis.com
at io.github.bonigarcia.wdm.WebDriverManager.handleException(WebDriverManager.java:523)
at io.github.bonigarcia.wdm.WebDriverManager.manage(WebDriverManager.java:471)
at io.github.bonigarcia.wdm.WebDriverManager.handleException(WebDriverManager.java:520)
at io.github.bonigarcia.wdm.WebDriverManager.manage(WebDriverManager.java:471)
at io.github.bonigarcia.wdm.WebDriverManager.setup(WebDriverManager.java:229)
at Extent_Report.Hiremee_Smoke_Test_Driver_Initial.Start_driver(Hiremee_Smoke_Test_Driver_Initial.java:56)
at sun.reflect.NativeMethodAccessorImpl.invoke0(Native Method)
at sun.reflect.NativeMethodAccessorImpl.invoke(Unknown Source)
at sun.reflect.DelegatingMethodAccessorImpl.invoke(Unknown Source)
at java.lang.reflect.Method.invoke(Unknown Source)
at org.testng.internal.MethodInvocationHelper.invokeMethod(MethodInvocationHelper.java:124)
at org.testng.internal.MethodInvocationHelper.invokeMethodConsideringTimeout(MethodInvocationHelper.java:59)
at org.testng.internal.Invoker.invokeConfigurationMethod(Invoker.java:455)
at org.testng.internal.Invoker.invokeConfigurations(Invoker.java:222)
at org.testng.internal.Invoker.invokeConfigurations(Invoker.java:142)
at org.testng.TestRunner.beforeRun(TestRunner.java:529)
at org.testng.TestRunner.run(TestRunner.java:497)
at org.testng.SuiteRunner.runTest(SuiteRunner.java:455)
at org.testng.SuiteRunner.runSequentially(SuiteRunner.java:450)
at org.testng.SuiteRunner.privateRun(SuiteRunner.java:415)
at org.testng.SuiteRunner.run(SuiteRunner.java:364)
at org.testng.SuiteRunnerWorker.runSuite(SuiteRunnerWorker.java:52)
at org.testng.SuiteRunnerWorker.run(SuiteRunnerWorker.java:84)
at org.testng.TestNG.runSuitesSequentially(TestNG.java:1208)
at org.testng.TestNG.runSuitesLocally(TestNG.java:1137)
at org.testng.TestNG.runSuites(TestNG.java:1049)
at org.testng.TestNG.run(TestNG.java:1017)
at org.testng.remote.AbstractRemoteTestNG.run(AbstractRemoteTestNG.java:114)
at org.testng.remote.RemoteTestNG.initAndRun(RemoteTestNG.java:251)
at org.testng.remote.RemoteTestNG.main(RemoteTestNG.java:77)
Caused by: java.net.UnknownHostException: chromedriver.storage.googleapis.com
at java.net.InetAddress.getAllByName0(Unknown Source)
at java.net.InetAddress.getAllByName(Unknown Source)
at java.net.InetAddress.getAllByName(Unknown Source)
at org.apache.http.impl.conn.SystemDefaultDnsResolver.resolve(SystemDefaultDnsResolver.java:45)
at org.apache.http.impl.conn.DefaultHttpClientConnectionOperator.connect(DefaultHttpClientConnectionOperator.java:112)
at org.apache.http.impl.conn.PoolingHttpClientConnectionManager.connect(PoolingHttpClientConnectionManager.java:373)
at org.apache.http.impl.execchain.MainClientExec.establishRoute(MainClientExec.java:381)
at org.apache.http.impl.execchain.MainClientExec.execute(MainClientExec.java:237)
at org.apache.http.impl.execchain.ProtocolExec.execute(ProtocolExec.java:185)
at org.apache.http.impl.execchain.RetryExec.execute(RetryExec.java:89)
at org.apache.http.impl.execchain.RedirectExec.execute(RedirectExec.java:111)
at org.apache.http.impl.client.InternalHttpClient.doExecute(InternalHttpClient.java:185)
at org.apache.http.impl.client.CloseableHttpClient.execute(CloseableHttpClient.java:83)
at org.apache.http.impl.client.CloseableHttpClient.execute(CloseableHttpClient.java:108)
at io.github.bonigarcia.wdm.HttpClient.execute(HttpClient.java:162)
at io.github.bonigarcia.wdm.WebDriverManager.getDriversFromXml(WebDriverManager.java:828)
at io.github.bonigarcia.wdm.ChromeDriverManager.getDrivers(ChromeDriverManager.java:50)
at io.github.bonigarcia.wdm.WebDriverManager.filterCandidateUrls(WebDriverManager.java:539)
at io.github.bonigarcia.wdm.WebDriverManager.manage(WebDriverManager.java:456)
... 28 more
]]>
    </error>
  </testcase> <!-- Start_driver -->
  <testcase name="Hiremee_Automation_candidate_module_Home_page" time="0.000" classname="Extent_Report.Hiremee_Smoke_Test_Driver_Initial">
    <skipped/>
  </testcase> <!-- Hiremee_Automation_candidate_module_Home_page -->
  <testcase name="Hiremee_Automation_candidate_module_login_page" time="0.000" classname="Extent_Report.Hiremee_Smoke_Test_Driver_Initial">
    <skipped/>
  </testcase> <!-- Hiremee_Automation_candidate_module_login_page -->
  <testcase name="Hiremee_Automation_candidate_module_Dashboard_page" time="0.000" classname="Extent_Report.Hiremee_Smoke_Test_Driver_Initial">
    <skipped/>
  </testcase> <!-- Hiremee_Automation_candidate_module_Dashboard_page -->
  <testcase name="Hiremee_Automation_candidate_module_Myprofile_page" time="0.000" classname="Extent_Report.Hiremee_Smoke_Test_Driver_Initial">
    <skipped/>
  </testcase> <!-- Hiremee_Automation_candidate_module_Myprofile_page -->
  <testcase name="Hiremee_Automation_candidate_module_Take_Online_Assessment_page" time="0.000" classname="Extent_Report.Hiremee_Smoke_Test_Driver_Initial">
    <skipped/>
  </testcase> <!-- Hiremee_Automation_candidate_module_Take_Online_Assessment_page -->
  <testcase name="Hiremee_Automation_candidate_module_Mock_Assessment_page" time="0.000" classname="Extent_Report.Hiremee_Smoke_Test_Driver_Initial">
    <skipped/>
  </testcase> <!-- Hiremee_Automation_candidate_module_Mock_Assessment_page -->
  <testcase name="Hiremee_Automation_candidate_module_Teke_Mock_Assessment_page" time="0.000" classname="Extent_Report.Hiremee_Smoke_Test_Driver_Initial">
    <skipped/>
  </testcase> <!-- Hiremee_Automation_candidate_module_Teke_Mock_Assessment_page -->
  <testcase name="Hiremee_Automation_candidate_Recruiter_Measage_page" time="0.000" classname="Extent_Report.Hiremee_Smoke_Test_Driver_Initial">
    <skipped/>
  </testcase> <!-- Hiremee_Automation_candidate_Recruiter_Measage_page -->
  <testcase name="Hiremee_Automation_candidate_Current_openings_page" time="0.000" classname="Extent_Report.Hiremee_Smoke_Test_Driver_Initial">
    <skipped/>
  </testcase> <!-- Hiremee_Automation_candidate_Current_openings_page -->
  <testcase name="Hiremee_Automation_candidate_Current_walkins_page" time="0.000" classname="Extent_Report.Hiremee_Smoke_Test_Driver_Initial">
    <skipped/>
  </testcase> <!-- Hiremee_Automation_candidate_Current_walkins_page -->
  <testcase name="Hiremee_Automation_candidate_job_page" time="0.000" classname="Extent_Report.Hiremee_Smoke_Test_Driver_Initial">
    <skipped/>
  </testcase> <!-- Hiremee_Automation_candidate_job_page -->
  <testcase name="Hiremee_Automation_candidate_search_job_page" time="0.000" classname="Extent_Report.Hiremee_Smoke_Test_Driver_Initial">
    <skipped/>
  </testcase> <!-- Hiremee_Automation_candidate_search_job_page -->
  <testcase name="Hiremee_Automation_candidate_Applied_job_page" time="0.000" classname="Extent_Report.Hiremee_Smoke_Test_Driver_Initial">
    <skipped/>
  </testcase> <!-- Hiremee_Automation_candidate_Applied_job_page -->
  <testcase name="Hiremee_Automation_candidate_Recommended_job_page" time="0.000" classname="Extent_Report.Hiremee_Smoke_Test_Driver_Initial">
    <skipped/>
  </testcase> <!-- Hiremee_Automation_candidate_Recommended_job_page -->
  <testcase name="Hiremee_Automation_candidate_Invite_Friends_page" time="0.000" classname="Extent_Report.Hiremee_Smoke_Test_Driver_Initial">
    <skipped/>
  </testcase> <!-- Hiremee_Automation_candidate_Invite_Friends_page -->
  <testcase name="Hiremee_Automation_candidate_FAQ_page" time="0.000" classname="Extent_Report.Hiremee_Smoke_Test_Driver_Initial">
    <skipped/>
  </testcase> <!-- Hiremee_Automation_candidate_FAQ_page -->
  <testcase name="Hiremee_Automation_candidate_Feedback_page" time="0.000" classname="Extent_Report.Hiremee_Smoke_Test_Driver_Initial">
    <skipped/>
  </testcase> <!-- Hiremee_Automation_candidate_Feedback_page -->
  <testcase name="Hiremee_Automation_candidate_Change_Password_page" time="0.000" classname="Extent_Report.Hiremee_Smoke_Test_Driver_Initial">
    <skipped/>
  </testcase> <!-- Hiremee_Automation_candidate_Change_Password_page -->
  <testcase name="Hiremee_Automation_candidate_logout_page" time="0.000" classname="Extent_Report.Hiremee_Smoke_Test_Driver_Initial">
    <skipped/>
  </testcase> <!-- Hiremee_Automation_candidate_logout_page -->
  <testcase name="Hiremee_Automation_college_Home_page" time="0.000" classname="Extent_Report.Hiremee_Smoke_Test_Driver_Initial">
    <skipped/>
  </testcase> <!-- Hiremee_Automation_college_Home_page -->
  <testcase name="Hiremee_Automation_college_login_page" time="0.000" classname="Extent_Report.Hiremee_Smoke_Test_Driver_Initial">
    <skipped/>
  </testcase> <!-- Hiremee_Automation_college_login_page -->
  <testcase name="Hiremee_Automation_college_dashboard_page" time="0.000" classname="Extent_Report.Hiremee_Smoke_Test_Driver_Initial">
    <skipped/>
  </testcase> <!-- Hiremee_Automation_college_dashboard_page -->
  <testcase name="Hiremee_Automation_college_Profile_page" time="0.000" classname="Extent_Report.Hiremee_Smoke_Test_Driver_Initial">
    <skipped/>
  </testcase> <!-- Hiremee_Automation_college_Profile_page -->
  <testcase name="Hiremee_Automation_college_Registered_Students_page" time="0.000" classname="Extent_Report.Hiremee_Smoke_Test_Driver_Initial">
    <skipped/>
  </testcase> <!-- Hiremee_Automation_college_Registered_Students_page -->
  <testcase name="Hiremee_Automation_college_Upload_Students_page" time="0.000" classname="Extent_Report.Hiremee_Smoke_Test_Driver_Initial">
    <skipped/>
  </testcase> <!-- Hiremee_Automation_college_Upload_Students_page -->
  <testcase name="Hiremee_Automation_college_Student_Assessment_Result_page" time="0.000" classname="Extent_Report.Hiremee_Smoke_Test_Driver_Initial">
    <skipped/>
  </testcase> <!-- Hiremee_Automation_college_Student_Assessment_Result_page -->
  <testcase name="Hiremee_Automation_college_FAQ_page" time="0.000" classname="Extent_Report.Hiremee_Smoke_Test_Driver_Initial">
    <skipped/>
  </testcase> <!-- Hiremee_Automation_college_FAQ_page -->
  <testcase name="Hiremee_Automation_college_Feedback_page" time="0.000" classname="Extent_Report.Hiremee_Smoke_Test_Driver_Initial">
    <skipped/>
  </testcase> <!-- Hiremee_Automation_college_Feedback_page -->
  <testcase name="Hiremee_Automation_college_change_Password_page" time="0.000" classname="Extent_Report.Hiremee_Smoke_Test_Driver_Initial">
    <skipped/>
  </testcase> <!-- Hiremee_Automation_college_change_Password_page -->
  <testcase name="Hiremee_Automation_college_Logout_page" time="0.000" classname="Extent_Report.Hiremee_Smoke_Test_Driver_Initial">
    <skipped/>
  </testcase> <!-- Hiremee_Automation_college_Logout_page -->
  <testcase name="Hiremee_Automation_company_Home_page" time="0.000" classname="Extent_Report.Hiremee_Smoke_Test_Driver_Initial">
    <skipped/>
  </testcase> <!-- Hiremee_Automation_company_Home_page -->
  <testcase name="Hiremee_Automation_company_login_page" time="0.000" classname="Extent_Report.Hiremee_Smoke_Test_Driver_Initial">
    <skipped/>
  </testcase> <!-- Hiremee_Automation_company_login_page -->
  <testcase name="Hiremee_Automation_company_dashboard_page" time="0.000" classname="Extent_Report.Hiremee_Smoke_Test_Driver_Initial">
    <skipped/>
  </testcase> <!-- Hiremee_Automation_company_dashboard_page -->
  <testcase name="Hiremee_Automation_company_Recruiter_page" time="0.000" classname="Extent_Report.Hiremee_Smoke_Test_Driver_Initial">
    <skipped/>
  </testcase> <!-- Hiremee_Automation_company_Recruiter_page -->
  <testcase name="Hiremee_Automation_company_Registered_Recruiter_page" time="0.000" classname="Extent_Report.Hiremee_Smoke_Test_Driver_Initial">
    <skipped/>
  </testcase> <!-- Hiremee_Automation_company_Registered_Recruiter_page -->
  <testcase name="Hiremee_Automation_company_Invited_Recruiter_page" time="0.000" classname="Extent_Report.Hiremee_Smoke_Test_Driver_Initial">
    <skipped/>
  </testcase> <!-- Hiremee_Automation_company_Invited_Recruiter_page -->
  <testcase name="Hiremee_Automation_company_candidate_page" time="0.000" classname="Extent_Report.Hiremee_Smoke_Test_Driver_Initial">
    <skipped/>
  </testcase> <!-- Hiremee_Automation_company_candidate_page -->
  <testcase name="Hiremee_Automation_company_All_candidate_page" time="0.000" classname="Extent_Report.Hiremee_Smoke_Test_Driver_Initial">
    <skipped/>
  </testcase> <!-- Hiremee_Automation_company_All_candidate_page -->
  <testcase name="Hiremee_Automation_company_Shortlisted_candidate_page" time="0.000" classname="Extent_Report.Hiremee_Smoke_Test_Driver_Initial">
    <skipped/>
  </testcase> <!-- Hiremee_Automation_company_Shortlisted_candidate_page -->
  <testcase name="Hiremee_Automation_company_Invited_candidate_page" time="0.000" classname="Extent_Report.Hiremee_Smoke_Test_Driver_Initial">
    <skipped/>
  </testcase> <!-- Hiremee_Automation_company_Invited_candidate_page -->
  <testcase name="Hiremee_Automation_company_Hired_candidate_page" time="0.000" classname="Extent_Report.Hiremee_Smoke_Test_Driver_Initial">
    <skipped/>
  </testcase> <!-- Hiremee_Automation_company_Hired_candidate_page -->
  <testcase name="Hiremee_Automation_company_Job_page" time="0.000" classname="Extent_Report.Hiremee_Smoke_Test_Driver_Initial">
    <skipped/>
  </testcase> <!-- Hiremee_Automation_company_Job_page -->
  <testcase name="Hiremee_Automation_company_Posted_Job_page" time="0.000" classname="Extent_Report.Hiremee_Smoke_Test_Driver_Initial">
    <skipped/>
  </testcase> <!-- Hiremee_Automation_company_Posted_Job_page -->
  <testcase name="Hiremee_Automation_company_Application_Job_page" time="0.000" classname="Extent_Report.Hiremee_Smoke_Test_Driver_Initial">
    <skipped/>
  </testcase> <!-- Hiremee_Automation_company_Application_Job_page -->
  <testcase name="Hiremee_Automation_company_Post_Job_page" time="0.000" classname="Extent_Report.Hiremee_Smoke_Test_Driver_Initial">
    <skipped/>
  </testcase> <!-- Hiremee_Automation_company_Post_Job_page -->
  <testcase name="Hiremee_Automation_company_Search_candidate_page" time="0.000" classname="Extent_Report.Hiremee_Smoke_Test_Driver_Initial">
    <skipped/>
  </testcase> <!-- Hiremee_Automation_company_Search_candidate_page -->
  <testcase name="Hiremee_Automation_company_Email_Template_page" time="0.000" classname="Extent_Report.Hiremee_Smoke_Test_Driver_Initial">
    <skipped/>
  </testcase> <!-- Hiremee_Automation_company_Email_Template_page -->
  <testcase name="Hiremee_Automation_company_FAQ_page" time="0.000" classname="Extent_Report.Hiremee_Smoke_Test_Driver_Initial">
    <skipped/>
  </testcase> <!-- Hiremee_Automation_company_FAQ_page -->
  <testcase name="Hiremee_Automation_company_Feedback_page" time="0.000" classname="Extent_Report.Hiremee_Smoke_Test_Driver_Initial">
    <skipped/>
  </testcase> <!-- Hiremee_Automation_company_Feedback_page -->
  <testcase name="Hiremee_Automation_company_Profile_page" time="0.000" classname="Extent_Report.Hiremee_Smoke_Test_Driver_Initial">
    <skipped/>
  </testcase> <!-- Hiremee_Automation_company_Profile_page -->
  <testcase name="Hiremee_Automation_company_Change_Password_page" time="0.000" classname="Extent_Report.Hiremee_Smoke_Test_Driver_Initial">
    <skipped/>
  </testcase> <!-- Hiremee_Automation_company_Change_Password_page -->
  <testcase name="Hiremee_Automation_company_Logout_page" time="0.000" classname="Extent_Report.Hiremee_Smoke_Test_Driver_Initial">
    <skipped/>
  </testcase> <!-- Hiremee_Automation_company_Logout_page -->
  <testcase name="Hiremee_Automation_Recruiter_Home_page" time="0.000" classname="Extent_Report.Hiremee_Smoke_Test_Driver_Initial">
    <skipped/>
  </testcase> <!-- Hiremee_Automation_Recruiter_Home_page -->
  <testcase name="Hiremee_Automation_Recruiter_Login_page" time="0.000" classname="Extent_Report.Hiremee_Smoke_Test_Driver_Initial">
    <skipped/>
  </testcase> <!-- Hiremee_Automation_Recruiter_Login_page -->
  <testcase name="Hiremee_Automation_Recruiter_Dashboard_page" time="0.000" classname="Extent_Report.Hiremee_Smoke_Test_Driver_Initial">
    <skipped/>
  </testcase> <!-- Hiremee_Automation_Recruiter_Dashboard_page -->
  <testcase name="Hiremee_Automation_Recruiter_candidate_page" time="0.000" classname="Extent_Report.Hiremee_Smoke_Test_Driver_Initial">
    <skipped/>
  </testcase> <!-- Hiremee_Automation_Recruiter_candidate_page -->
  <testcase name="Hiremee_Automation_Recruiter_All_candidate_page" time="0.000" classname="Extent_Report.Hiremee_Smoke_Test_Driver_Initial">
    <skipped/>
  </testcase> <!-- Hiremee_Automation_Recruiter_All_candidate_page -->
  <testcase name="Hiremee_Automation_Recruiter_Shortlisted_candidate_page" time="0.000" classname="Extent_Report.Hiremee_Smoke_Test_Driver_Initial">
    <skipped/>
  </testcase> <!-- Hiremee_Automation_Recruiter_Shortlisted_candidate_page -->
  <testcase name="Hiremee_Automation_Recruiter_Invited_candidate_page" time="0.000" classname="Extent_Report.Hiremee_Smoke_Test_Driver_Initial">
    <skipped/>
  </testcase> <!-- Hiremee_Automation_Recruiter_Invited_candidate_page -->
  <testcase name="Hiremee_Automation_Recruiter_Hired_candidate_page" time="0.000" classname="Extent_Report.Hiremee_Smoke_Test_Driver_Initial">
    <skipped/>
  </testcase> <!-- Hiremee_Automation_Recruiter_Hired_candidate_page -->
  <testcase name="Hiremee_Automation_Recruiter_Jobs_page" time="0.000" classname="Extent_Report.Hiremee_Smoke_Test_Driver_Initial">
    <skipped/>
  </testcase> <!-- Hiremee_Automation_Recruiter_Jobs_page -->
  <testcase name="Hiremee_Automation_Recruiter_Posted_Jobs_page" time="0.000" classname="Extent_Report.Hiremee_Smoke_Test_Driver_Initial">
    <skipped/>
  </testcase> <!-- Hiremee_Automation_Recruiter_Posted_Jobs_page -->
  <testcase name="Hiremee_Automation_Recruiter_Application_Jobs_page" time="0.000" classname="Extent_Report.Hiremee_Smoke_Test_Driver_Initial">
    <skipped/>
  </testcase> <!-- Hiremee_Automation_Recruiter_Application_Jobs_page -->
  <testcase name="Hiremee_Automation_Recruiter_Post_Jobs_page" time="0.000" classname="Extent_Report.Hiremee_Smoke_Test_Driver_Initial">
    <skipped/>
  </testcase> <!-- Hiremee_Automation_Recruiter_Post_Jobs_page -->
  <testcase name="Hiremee_Automation_Recruiter_Search_candidate_page" time="0.000" classname="Extent_Report.Hiremee_Smoke_Test_Driver_Initial">
    <skipped/>
  </testcase> <!-- Hiremee_Automation_Recruiter_Search_candidate_page -->
  <testcase name="Hiremee_Automation_Recruiter_Email_Template_page" time="0.000" classname="Extent_Report.Hiremee_Smoke_Test_Driver_Initial">
    <skipped/>
  </testcase> <!-- Hiremee_Automation_Recruiter_Email_Template_page -->
  <testcase name="Hiremee_Automation_Recruiter_FAQ_page" time="0.000" classname="Extent_Report.Hiremee_Smoke_Test_Driver_Initial">
    <skipped/>
  </testcase> <!-- Hiremee_Automation_Recruiter_FAQ_page -->
  <testcase name="Hiremee_Automation_Recruiter_Feedback_page" time="0.000" classname="Extent_Report.Hiremee_Smoke_Test_Driver_Initial">
    <skipped/>
  </testcase> <!-- Hiremee_Automation_Recruiter_Feedback_page -->
  <testcase name="Hiremee_Automation_Recruiter_Profile_page" time="0.000" classname="Extent_Report.Hiremee_Smoke_Test_Driver_Initial">
    <skipped/>
  </testcase> <!-- Hiremee_Automation_Recruiter_Profile_page -->
  <testcase name="Hiremee_Automation_Recruiter_Change_Password_page" time="0.000" classname="Extent_Report.Hiremee_Smoke_Test_Driver_Initial">
    <skipped/>
  </testcase> <!-- Hiremee_Automation_Recruiter_Change_Password_page -->
  <testcase name="Hiremee_Automation_Recruiter_Logout_page" time="0.000" classname="Extent_Report.Hiremee_Smoke_Test_Driver_Initial">
    <skipped/>
  </testcase> <!-- Hiremee_Automation_Recruiter_Logout_page -->
</testsuite> <!-- Extent_Report.Hiremee_Smoke_Test_Driver_Initial -->
