<?xml version="1.0" encoding="UTF-8"?>
<!-- Generated by org.testng.reporters.JUnitReportReporter -->
<testsuite hostname="V2IT01" name="Hiremee_Recruiter_Module_Testcase.recruiter_posted_a_job_Testcase" tests="1" failures="0" timestamp="12 Feb 2019 07:24:07 GMT" time="84.494" errors="0">
  <testcase name="Company_dashboard" time="84.494" classname="Hiremee_Recruiter_Module_Testcase.recruiter_posted_a_job_Testcase"/>
</testsuite> <!-- Hiremee_Recruiter_Module_Testcase.recruiter_posted_a_job_Testcase -->
