<?xml version="1.0" encoding="UTF-8"?>
<!-- Generated by org.testng.reporters.JUnitReportReporter -->
<testsuite skipped="0" hostname="V2IT01" name="Driver_Started_College_Module.College_Driver_Class" tests="12" failures="0" timestamp="25 Apr 2019 13:41:40 GMT" time="235.412" errors="0">
  <testcase name="College_registration_Testcase" time="36.386" classname="Driver_Started_College_Module.College_Driver_Class"/>
  <testcase name="College_login_Testcase" time="5.876" classname="Driver_Started_College_Module.College_Driver_Class"/>
  <testcase name="College_Dashboard_Testcase" time="9.773" classname="Driver_Started_College_Module.College_Driver_Class"/>
  <testcase name="College_profile_Testcase" time="36.171" classname="Driver_Started_College_Module.College_Driver_Class"/>
  <testcase name="College_upload_student_details_Testcase" time="4.206" classname="Driver_Started_College_Module.College_Driver_Class"/>
  <testcase name="college_Assessment_Exam_Center_creation" time="7.764" classname="Driver_Started_College_Module.College_Driver_Class"/>
  <testcase name="college_Assessment_Exam_Halticket_Update" time="0.302" classname="Driver_Started_College_Module.College_Driver_Class"/>
  <testcase name="college_Assessment_Exam_Candidate" time="10.074" classname="Driver_Started_College_Module.College_Driver_Class"/>
  <testcase name="College_registered_students_details_Testcase" time="32.059" classname="Driver_Started_College_Module.College_Driver_Class"/>
  <testcase name="College_assessment_scores_Testcase" time="30.446" classname="Driver_Started_College_Module.College_Driver_Class"/>
  <testcase name="College_Change_password_Testcase" time="30.686" classname="Driver_Started_College_Module.College_Driver_Class"/>
  <testcase name="College_feedback_Tescase" time="31.669" classname="Driver_Started_College_Module.College_Driver_Class"/>
</testsuite> <!-- Driver_Started_College_Module.College_Driver_Class -->
