<?xml version="1.0" encoding="UTF-8"?>
<!-- Generated by org.testng.reporters.JUnitReportReporter -->
<testsuite skipped="0" hostname="V2IT01" name="db.DB" tests="1" failures="0" timestamp="19 Feb 2019 12:46:12 GMT" time="0.531" errors="0">
  <testcase name="selectquery" time="0.531" classname="db.DB"/>
</testsuite> <!-- db.DB -->
