<?xml version="1.0" encoding="UTF-8"?>
<!-- Generated by org.testng.reporters.JUnitReportReporter -->
<testsuite skipped="0" hostname="V2IT01" name="Hiremee_Candidate_TestCase.candidate_dashboard_Testcase" tests="1" failures="0" timestamp="18 Feb 2019 06:35:20 GMT" time="22.288" errors="0">
  <testcase name="Candidate_Dashboard_Testcase" time="22.288" classname="Hiremee_Candidate_TestCase.candidate_dashboard_Testcase"/>
</testsuite> <!-- Hiremee_Candidate_TestCase.candidate_dashboard_Testcase -->
