<?xml version="1.0" encoding="UTF-8"?>
<!-- Generated by org.testng.reporters.JUnitReportReporter -->
<testsuite hostname="V2IT01" name="Hiremee_Recruiter_Module_Testcase.recruiter_Search_Candidate_Testcase" tests="1" failures="0" timestamp="7 Feb 2019 14:26:02 GMT" time="28.995" errors="0">
  <testcase name="Recruiter_Search_Candidate" time="28.995" classname="Hiremee_Recruiter_Module_Testcase.recruiter_Search_Candidate_Testcase"/>
</testsuite> <!-- Hiremee_Recruiter_Module_Testcase.recruiter_Search_Candidate_Testcase -->
