<?xml version="1.0" encoding="UTF-8"?>
<!-- Generated by org.testng.reporters.JUnitReportReporter -->
<testsuite skipped="0" hostname="V2IT01" name="Driver_Started_Candidate_Module.Candidate_Driver_Class" tests="15" failures="0" timestamp="29 Mar 2019 14:02:58 GMT" time="173.545" errors="0">
  <testcase name="Candidate_Assessment_Exam_Center_Testcase" time="4.151" classname="Driver_Started_Candidate_Module.Candidate_Driver_Class"/>
  <testcase name="Candidate_pooled_campus_registration_Testcase" time="10.990" classname="Driver_Started_Candidate_Module.Candidate_Driver_Class"/>
  <testcase name="Candidate_Assessment_Usermapping_Testcase" time="12.439" classname="Driver_Started_Candidate_Module.Candidate_Driver_Class"/>
  <testcase name="Candidate_Assessment_Exam_Testcase" time="19.512" classname="Driver_Started_Candidate_Module.Candidate_Driver_Class"/>
  <testcase name="Candidate_login_Testcase" time="11.166" classname="Driver_Started_Candidate_Module.Candidate_Driver_Class"/>
  <testcase name="Candidate_Myprofile_Testcase" time="33.287" classname="Driver_Started_Candidate_Module.Candidate_Driver_Class"/>
  <testcase name="Candidate_Takeonline_Assessment_Testcase" time="7.850" classname="Driver_Started_Candidate_Module.Candidate_Driver_Class"/>
  <testcase name="Candidate_Mock_assessment_testcase" time="8.273" classname="Driver_Started_Candidate_Module.Candidate_Driver_Class"/>
  <testcase name="Candidate_Current_openings_testcase" time="10.856" classname="Driver_Started_Candidate_Module.Candidate_Driver_Class"/>
  <testcase name="Candidate_Current_Walkins_testcase" time="10.183" classname="Driver_Started_Candidate_Module.Candidate_Driver_Class"/>
  <testcase name="Candidate_Search_jobs_testcase" time="10.748" classname="Driver_Started_Candidate_Module.Candidate_Driver_Class"/>
  <testcase name="Candidate_Applied_jobs_testcase" time="9.345" classname="Driver_Started_Candidate_Module.Candidate_Driver_Class"/>
  <testcase name="Candidate_Invite_friends_testcase" time="10.939" classname="Driver_Started_Candidate_Module.Candidate_Driver_Class"/>
  <testcase name="Candidate_feedback_and_logout_Testcase" time="7.164" classname="Driver_Started_Candidate_Module.Candidate_Driver_Class"/>
  <testcase name="Candidate_Change_Password_testcase" time="6.642" classname="Driver_Started_Candidate_Module.Candidate_Driver_Class"/>
</testsuite> <!-- Driver_Started_Candidate_Module.Candidate_Driver_Class -->
