<?xml version="1.0" encoding="UTF-8"?>
<!-- Generated by org.testng.reporters.JUnitReportReporter -->
<testsuite skipped="0" hostname="V2IT01" name="Driver_Started.Hiremee_Smoke_Test_Driver_Initial" tests="1" failures="0" timestamp="10 Apr 2019 06:15:13 GMT" time="5.936" errors="0">
  <testcase name="Hiremee_Automation_candidate_module_Home_page" time="5.936" classname="Driver_Started.Hiremee_Smoke_Test_Driver_Initial"/>
</testsuite> <!-- Driver_Started.Hiremee_Smoke_Test_Driver_Initial -->
