<?xml version="1.0" encoding="UTF-8"?>
<!-- Generated by org.testng.reporters.JUnitReportReporter -->
<testsuite skipped="0" hostname="V2IT01" name="Driver_Started.Hiremee_Smoke_Test_Driver_Initial" tests="1" failures="0" timestamp="12 Apr 2019 14:13:55 GMT" time="3.633" errors="0">
  <testcase name="Hiremee_Automation_candidate_module_Home_page" time="3.633" classname="Driver_Started.Hiremee_Smoke_Test_Driver_Initial"/>
</testsuite> <!-- Driver_Started.Hiremee_Smoke_Test_Driver_Initial -->
