<?xml version="1.0" encoding="UTF-8"?>
<!-- Generated by org.testng.reporters.JUnitReportReporter -->
<testsuite skipped="0" hostname="V2IT01" name="Driver_Started_Candidate_Module.Candidate_Driver_Class" tests="1" failures="0" timestamp="12 Apr 2019 13:20:49 GMT" time="215.726" errors="0">
  <testcase name="Candidate_Assessment_Exam_Testcase" time="215.726" classname="Driver_Started_Candidate_Module.Candidate_Driver_Class"/>
</testsuite> <!-- Driver_Started_Candidate_Module.Candidate_Driver_Class -->
