<?xml version="1.0" encoding="UTF-8"?>
<!-- Generated by org.testng.reporters.JUnitReportReporter -->
<testsuite hostname="V2IT01" name="Hiremee_Company_Module_Testcases.Company_Login_Testcase" tests="1" failures="0" timestamp="4 Feb 2019 05:55:44 GMT" time="10.267" errors="0">
  <testcase name="company_login_Testcase" time="10.267" classname="Hiremee_Company_Module_Testcases.Company_Login_Testcase"/>
</testsuite> <!-- Hiremee_Company_Module_Testcases.Company_Login_Testcase -->
