<?xml version="1.0" encoding="UTF-8"?>
<!-- Generated by org.testng.reporters.JUnitReportReporter -->
<testsuite skipped="0" hostname="V2IT01" name="Driver_Started_College_Module.College_Driver_Class" tests="12" failures="0" timestamp="03 May 2019 13:08:36 GMT" time="232.016" errors="0">
  <testcase name="College_registration_Testcase" time="30.662" classname="Driver_Started_College_Module.College_Driver_Class"/>
  <testcase name="College_login_Testcase" time="6.365" classname="Driver_Started_College_Module.College_Driver_Class"/>
  <testcase name="College_Dashboard_Testcase" time="10.671" classname="Driver_Started_College_Module.College_Driver_Class"/>
  <testcase name="College_profile_Testcase" time="36.370" classname="Driver_Started_College_Module.College_Driver_Class"/>
  <testcase name="College_upload_student_details_Testcase" time="4.600" classname="Driver_Started_College_Module.College_Driver_Class"/>
  <testcase name="college_Assessment_Exam_Center_creation" time="8.625" classname="Driver_Started_College_Module.College_Driver_Class"/>
  <testcase name="college_Assessment_Exam_Halticket_Update" time="0.352" classname="Driver_Started_College_Module.College_Driver_Class"/>
  <testcase name="college_Assessment_Exam_Candidate" time="7.758" classname="Driver_Started_College_Module.College_Driver_Class"/>
  <testcase name="College_registered_students_details_Testcase" time="32.808" classname="Driver_Started_College_Module.College_Driver_Class"/>
  <testcase name="College_assessment_scores_Testcase" time="30.587" classname="Driver_Started_College_Module.College_Driver_Class"/>
  <testcase name="College_Change_password_Testcase" time="30.639" classname="Driver_Started_College_Module.College_Driver_Class"/>
  <testcase name="College_feedback_Tescase" time="32.579" classname="Driver_Started_College_Module.College_Driver_Class"/>
</testsuite> <!-- Driver_Started_College_Module.College_Driver_Class -->
