<?xml version="1.0" encoding="UTF-8"?>
<!-- Generated by org.testng.reporters.JUnitReportReporter -->
<testsuite skipped="0" hostname="V2IT01" name="Hiremee_Company_UAT_smoke_Testing.Company_UAT_Smoke" tests="1" failures="0" timestamp="10 Jan 2019 13:01:34 GMT" time="132.874" errors="0">
  <testcase name="company_page" time="132.874" classname="Hiremee_Company_UAT_smoke_Testing.Company_UAT_Smoke"/>
</testsuite> <!-- Hiremee_Company_UAT_smoke_Testing.Company_UAT_Smoke -->
