<?xml version="1.0" encoding="UTF-8"?>
<!-- Generated by org.testng.reporters.JUnitReportReporter -->
<testsuite skipped="0" hostname="V2IT01" name="Hiremee_Recruiter_UAT_Smoke_Testing.Recruiter_UAT_Smoke" tests="1" failures="0" timestamp="10 Jan 2019 13:10:51 GMT" time="88.737" errors="0">
  <testcase name="Recruiter_page" time="88.737" classname="Hiremee_Recruiter_UAT_Smoke_Testing.Recruiter_UAT_Smoke"/>
</testsuite> <!-- Hiremee_Recruiter_UAT_Smoke_Testing.Recruiter_UAT_Smoke -->
