<?xml version="1.0" encoding="UTF-8"?>
<!-- Generated by org.testng.reporters.JUnitReportReporter -->
<testsuite hostname="V2IT01" name="Hiremee_Company_Module_Testcases.company_recruiters_Testcase" tests="1" failures="0" timestamp="7 Feb 2019 13:27:48 GMT" time="28.654" errors="0">
  <testcase name="Company_Recruiters" time="28.654" classname="Hiremee_Company_Module_Testcases.company_recruiters_Testcase"/>
</testsuite> <!-- Hiremee_Company_Module_Testcases.company_recruiters_Testcase -->
