<?xml version="1.0" encoding="UTF-8"?>
<!-- Generated by org.testng.reporters.JUnitReportReporter -->
<testsuite skipped="0" hostname="V2IT01" name="Hiremee_Candidate_TestCase.candidate_take_online_assessment_Testcase" tests="1" failures="0" timestamp="19 Feb 2019 06:56:20 GMT" time="19.116" errors="0">
  <testcase name="candidate_Take_Online_Assessmnet_Testcases" time="19.116" classname="Hiremee_Candidate_TestCase.candidate_take_online_assessment_Testcase"/>
</testsuite> <!-- Hiremee_Candidate_TestCase.candidate_take_online_assessment_Testcase -->
