<?xml version="1.0" encoding="UTF-8"?>
<!-- Generated by org.testng.reporters.JUnitReportReporter -->
<testsuite skipped="0" hostname="V2IT01" name="Driver_Started_Receruiter_Module.Recruiter_Driver_Class" tests="8" failures="0" timestamp="03 May 2019 12:33:09 GMT" time="89.441" errors="0">
  <testcase name="Recruiter_login_Testcase" time="11.783" classname="Driver_Started_Receruiter_Module.Recruiter_Driver_Class"/>
  <testcase name="Recruiter_dashboard_Testcase" time="15.853" classname="Driver_Started_Receruiter_Module.Recruiter_Driver_Class"/>
  <testcase name="Recreuiter_Post_a_job_Testcase" time="10.727" classname="Driver_Started_Receruiter_Module.Recruiter_Driver_Class"/>
  <testcase name="Recruiter_Search_Candidate_Testcase" time="7.800" classname="Driver_Started_Receruiter_Module.Recruiter_Driver_Class"/>
  <testcase name="Recruiter_email_template_Testcase" time="8.871" classname="Driver_Started_Receruiter_Module.Recruiter_Driver_Class"/>
  <testcase name="Recruiter_All_shortlisted_candidate_Testcase" time="13.904" classname="Driver_Started_Receruiter_Module.Recruiter_Driver_Class"/>
  <testcase name="Recruiter_changepassword_Testcase" time="8.779" classname="Driver_Started_Receruiter_Module.Recruiter_Driver_Class"/>
  <testcase name="Recruiter_feedback_TestCase" time="11.724" classname="Driver_Started_Receruiter_Module.Recruiter_Driver_Class"/>
</testsuite> <!-- Driver_Started_Receruiter_Module.Recruiter_Driver_Class -->
