<?xml version="1.0" encoding="UTF-8"?>
<!-- Generated by org.testng.reporters.JUnitReportReporter -->
<testsuite hostname="V2IT01" name="Hiremee_Company_Module_Testcases.company_dashboard_Testcase" tests="1" failures="0" timestamp="6 Feb 2019 05:39:52 GMT" time="44.728" errors="0">
  <testcase name="Company_dashboard" time="44.728" classname="Hiremee_Company_Module_Testcases.company_dashboard_Testcase"/>
</testsuite> <!-- Hiremee_Company_Module_Testcases.company_dashboard_Testcase -->
