<?xml version="1.0" encoding="UTF-8"?>
<!-- Generated by org.testng.reporters.JUnitReportReporter -->
<testsuite hostname="V2IT01" name="Hiremee_Recruiter_Module_Testcase.recruiter_email_template_Testcase" tests="1" failures="0" timestamp="7 Feb 2019 14:31:55 GMT" time="26.592" errors="0">
  <testcase name="Company_Email_Candidate" time="26.592" classname="Hiremee_Recruiter_Module_Testcase.recruiter_email_template_Testcase"/>
</testsuite> <!-- Hiremee_Recruiter_Module_Testcase.recruiter_email_template_Testcase -->
