<?xml version="1.0" encoding="UTF-8"?>
<!-- Generated by org.testng.reporters.JUnitReportReporter -->
<testsuite skipped="0" hostname="V2IT01" name="Driver_Started_Candidate_Module.Candidate_Driver_Class" tests="14" failures="0" timestamp="03 May 2019 13:21:37 GMT" time="179.775" errors="0">
  <testcase name="Candidate_Assessment_Exam_Center_Testcase" time="4.607" classname="Driver_Started_Candidate_Module.Candidate_Driver_Class"/>
  <testcase name="Candidate_pooled_campus_registration_Testcase" time="7.611" classname="Driver_Started_Candidate_Module.Candidate_Driver_Class"/>
  <testcase name="Candidate_Assessment_Usermapping_Testcase" time="6.256" classname="Driver_Started_Candidate_Module.Candidate_Driver_Class"/>
  <testcase name="Candidate_Assessment_Exam_Testcase" time="8.418" classname="Driver_Started_Candidate_Module.Candidate_Driver_Class"/>
  <testcase name="Candidate_login_Testcase" time="7.425" classname="Driver_Started_Candidate_Module.Candidate_Driver_Class"/>
  <testcase name="Candidate_Myprofile_Testcase" time="51.891" classname="Driver_Started_Candidate_Module.Candidate_Driver_Class"/>
  <testcase name="Candidate_Takeonline_Assessment_Testcase" time="3.857" classname="Driver_Started_Candidate_Module.Candidate_Driver_Class"/>
  <testcase name="Candidate_Mock_assessment_testcase" time="3.619" classname="Driver_Started_Candidate_Module.Candidate_Driver_Class"/>
  <testcase name="Candidate_Current_openings_testcase" time="3.739" classname="Driver_Started_Candidate_Module.Candidate_Driver_Class"/>
  <testcase name="Candidate_Current_Walkins_testcase" time="3.637" classname="Driver_Started_Candidate_Module.Candidate_Driver_Class"/>
  <testcase name="Candidate_Search_jobs_testcase" time="4.929" classname="Driver_Started_Candidate_Module.Candidate_Driver_Class"/>
  <testcase name="Candidate_Invite_friends_testcase" time="4.661" classname="Driver_Started_Candidate_Module.Candidate_Driver_Class"/>
  <testcase name="Candidate_feedback_and_logout_Testcase" time="36.864" classname="Driver_Started_Candidate_Module.Candidate_Driver_Class"/>
  <testcase name="Candidate_Change_Password_testcase" time="32.261" classname="Driver_Started_Candidate_Module.Candidate_Driver_Class"/>
</testsuite> <!-- Driver_Started_Candidate_Module.Candidate_Driver_Class -->
