<?xml version="1.0" encoding="UTF-8"?>
<!-- Generated by org.testng.reporters.JUnitReportReporter -->
<testsuite hostname="V2IT01" name="Hiremee_Recruiter_Module_Testcase.recruiter_dashboard_Testcase" tests="1" failures="0" timestamp="7 Feb 2019 14:15:06 GMT" time="33.833" errors="0">
  <testcase name="Recruiter_dashboard" time="33.833" classname="Hiremee_Recruiter_Module_Testcase.recruiter_dashboard_Testcase"/>
</testsuite> <!-- Hiremee_Recruiter_Module_Testcase.recruiter_dashboard_Testcase -->
