<?xml version="1.0" encoding="UTF-8"?>
<!-- Generated by org.testng.reporters.JUnitReportReporter -->
<testsuite skipped="0" hostname="V2IT01" name="Hiremee_Pro_Company_Assessment_Testcase.Exam_Duration_Assessment_Testcase" tests="1" failures="0" timestamp="04 Apr 2019 07:21:49 GMT" time="4.675" errors="0">
  <testcase name="Exam_Duration_Assessment_Test" time="4.675" classname="Hiremee_Pro_Company_Assessment_Testcase.Exam_Duration_Assessment_Testcase"/>
</testsuite> <!-- Hiremee_Pro_Company_Assessment_Testcase.Exam_Duration_Assessment_Testcase -->
