<?xml version="1.0" encoding="UTF-8"?>
<!-- Generated by org.testng.reporters.JUnitReportReporter -->
<testsuite skipped="0" hostname="V2IT01" name="Hiremee_Candidate_TestCase.candidate_current_walkins_Tescase" tests="1" failures="0" timestamp="19 Feb 2019 07:55:11 GMT" time="18.525" errors="0">
  <testcase name="Candidate_Current_Walkins_Testcase" time="18.525" classname="Hiremee_Candidate_TestCase.candidate_current_walkins_Tescase"/>
</testsuite> <!-- Hiremee_Candidate_TestCase.candidate_current_walkins_Tescase -->
