<?xml version="1.0" encoding="UTF-8"?>
<!-- Generated by org.testng.reporters.JUnitReportReporter -->
<testsuite skipped="0" hostname="V2IT01" name="Hiremee_College_Module_Testcase.college_login_Testcase" tests="1" failures="0" timestamp="20 Feb 2019 10:16:30 GMT" time="9.205" errors="0">
  <testcase name="candidate_login_Testcases" time="9.205" classname="Hiremee_College_Module_Testcase.college_login_Testcase"/>
</testsuite> <!-- Hiremee_College_Module_Testcase.college_login_Testcase -->
