<?xml version="1.0" encoding="UTF-8"?>
<!-- Generated by org.testng.reporters.JUnitReportReporter -->
<testsuite skipped="0" hostname="V2IT01" name="Driver_Started.Hiremee_Smoke_Test_Driver_Initial" tests="1" failures="0" timestamp="09 Apr 2019 11:04:40 GMT" time="4.527" errors="0">
  <testcase name="Hiremee_Automation_candidate_module_Home_page" time="4.527" classname="Driver_Started.Hiremee_Smoke_Test_Driver_Initial"/>
</testsuite> <!-- Driver_Started.Hiremee_Smoke_Test_Driver_Initial -->
