<?xml version="1.0" encoding="UTF-8"?>
<!-- Generated by org.testng.reporters.JUnitReportReporter -->
<testsuite skipped="0" hostname="V2IT01" name="Driver_Started_Company_Module.Driver_Class" tests="10" failures="0" timestamp="24 Apr 2019 14:02:38 GMT" time="247.831" errors="0">
  <testcase name="Company_Registration_Testcase" time="16.770" classname="Driver_Started_Company_Module.Driver_Class"/>
  <testcase name="Company_Login_Testcase" time="6.272" classname="Driver_Started_Company_Module.Driver_Class"/>
  <testcase name="Company_dashboard_Testcase" time="38.854" classname="Driver_Started_Company_Module.Driver_Class"/>
  <testcase name="Company_recruiters_Testcase" time="35.045" classname="Driver_Started_Company_Module.Driver_Class"/>
  <testcase name="Company_posted_a_job_Testcase" time="38.478" classname="Driver_Started_Company_Module.Driver_Class"/>
  <testcase name="Company_Search_Candidate_Testcase" time="8.015" classname="Driver_Started_Company_Module.Driver_Class"/>
  <testcase name="Company_email_template_Testcase" time="32.294" classname="Driver_Started_Company_Module.Driver_Class"/>
  <testcase name="Company_All_shortlisted_candidate_Testcase" time="34.085" classname="Driver_Started_Company_Module.Driver_Class"/>
  <testcase name="Company_change_password_Testcase" time="32.603" classname="Driver_Started_Company_Module.Driver_Class"/>
  <testcase name="Company_feedback_TestCase" time="5.415" classname="Driver_Started_Company_Module.Driver_Class"/>
</testsuite> <!-- Driver_Started_Company_Module.Driver_Class -->
