<?xml version="1.0" encoding="UTF-8"?>
<!-- Generated by org.testng.reporters.JUnitReportReporter -->
<testsuite hostname="V2IT01" name="Hiremee_Company_Module_Testcases.company_posted_a_job_Testcase" tests="1" failures="0" timestamp="7 Feb 2019 11:00:01 GMT" time="79.576" errors="0">
  <testcase name="Company_dashboard" time="79.576" classname="Hiremee_Company_Module_Testcases.company_posted_a_job_Testcase"/>
</testsuite> <!-- Hiremee_Company_Module_Testcases.company_posted_a_job_Testcase -->
