<?xml version="1.0" encoding="UTF-8"?>
<!-- Generated by org.testng.reporters.JUnitReportReporter -->
<testsuite skipped="0" hostname="V2IT01" name="Excel_operation.Excel_report" tests="1" failures="0" timestamp="14 Jan 2019 09:58:28 GMT" time="15.561" errors="0">
  <testcase name="excel_start" time="15.561" classname="Excel_operation.Excel_report"/>
</testsuite> <!-- Excel_operation.Excel_report -->
