<?xml version="1.0" encoding="UTF-8"?>
<!-- Generated by org.testng.reporters.JUnitReportReporter -->
<testsuite skipped="0" hostname="V2IT01" name="Hiremee_College_Module_Testcase.college_assessment_scores_Testcase" tests="1" failures="0" timestamp="21 Feb 2019 06:37:43 GMT" time="24.478" errors="0">
  <testcase name="college_Assessment_Scores" time="24.478" classname="Hiremee_College_Module_Testcase.college_assessment_scores_Testcase"/>
</testsuite> <!-- Hiremee_College_Module_Testcase.college_assessment_scores_Testcase -->
