<?xml version="1.0" encoding="UTF-8"?>
<!-- Generated by org.testng.reporters.JUnitReportReporter -->
<testsuite skipped="0" hostname="V2IT01" name="Hiremee_candidate_page_smoke.Hiremee_candidate_smoke" tests="1" failures="0" timestamp="09 Jan 2019 10:20:21 GMT" time="166.774" errors="0">
  <testcase name="candidate_page" time="166.774" classname="Hiremee_candidate_page_smoke.Hiremee_candidate_smoke"/>
</testsuite> <!-- Hiremee_candidate_page_smoke.Hiremee_candidate_smoke -->
