<?xml version="1.0" encoding="UTF-8"?>
<!-- Generated by org.testng.reporters.JUnitReportReporter -->
<testsuite skipped="0" hostname="V2IT01" name="Hiremee_College_Module_Testcase.college_feedback_Tescase" tests="1" failures="0" timestamp="21 Feb 2019 07:11:19 GMT" time="25.146" errors="0">
  <testcase name="Collge_Feedback_and_login_Testcase" time="25.146" classname="Hiremee_College_Module_Testcase.college_feedback_Tescase"/>
</testsuite> <!-- Hiremee_College_Module_Testcase.college_feedback_Tescase -->
