<?xml version="1.0" encoding="UTF-8"?>
<!-- Generated by org.testng.reporters.JUnitReportReporter -->
<testsuite skipped="0" hostname="V2IT01" name="Driver_Started_Receruiter_Module.Recruiter_Driver_Class" tests="8" failures="0" timestamp="25 Apr 2019 06:17:10 GMT" time="164.884" errors="0">
  <testcase name="Recruiter_login_Testcase" time="8.580" classname="Driver_Started_Receruiter_Module.Recruiter_Driver_Class"/>
  <testcase name="Recruiter_dashboard_Testcase" time="9.704" classname="Driver_Started_Receruiter_Module.Recruiter_Driver_Class"/>
  <testcase name="Recreuiter_Post_a_job_Testcase" time="36.960" classname="Driver_Started_Receruiter_Module.Recruiter_Driver_Class"/>
  <testcase name="Recruiter_Search_Candidate_Testcase" time="32.126" classname="Driver_Started_Receruiter_Module.Recruiter_Driver_Class"/>
  <testcase name="Recruiter_email_template_Testcase" time="32.198" classname="Driver_Started_Receruiter_Module.Recruiter_Driver_Class"/>
  <testcase name="Recruiter_All_shortlisted_candidate_Testcase" time="7.825" classname="Driver_Started_Receruiter_Module.Recruiter_Driver_Class"/>
  <testcase name="Recruiter_changepassword_Testcase" time="32.842" classname="Driver_Started_Receruiter_Module.Recruiter_Driver_Class"/>
  <testcase name="Recruiter_feedback_TestCase" time="4.649" classname="Driver_Started_Receruiter_Module.Recruiter_Driver_Class"/>
</testsuite> <!-- Driver_Started_Receruiter_Module.Recruiter_Driver_Class -->
