<?xml version="1.0" encoding="UTF-8"?>
<!-- Generated by org.testng.reporters.JUnitReportReporter -->
<testsuite skipped="0" hostname="V2IT01" name="Hiremee_Candidate_TestCase.candidate_login_Testcase" tests="1" failures="0" timestamp="18 Feb 2019 05:31:44 GMT" time="10.893" errors="0">
  <testcase name="company_login_Testcase" time="10.893" classname="Hiremee_Candidate_TestCase.candidate_login_Testcase"/>
</testsuite> <!-- Hiremee_Candidate_TestCase.candidate_login_Testcase -->
