<?xml version="1.0" encoding="UTF-8"?>
<!-- Generated by org.testng.reporters.JUnitReportReporter -->
<testsuite skipped="0" hostname="V2IT01" name="Hiremee_Driver_Start.Driver_start" tests="1" failures="0" timestamp="23 Jan 2019 07:58:06 GMT" time="4.113" errors="0">
  <testcase name="Hiremee_Testing" time="4.113" classname="Hiremee_Driver_Start.Driver_start"/>
</testsuite> <!-- Hiremee_Driver_Start.Driver_start -->
