<?xml version="1.0" encoding="UTF-8"?>
<!-- Generated by org.testng.reporters.JUnitReportReporter -->
<testsuite hostname="V2IT01" name="Hiremee_Company_Module_Testcases.company_Search_Candidate_Testcase" tests="1" failures="0" timestamp="6 Feb 2019 11:08:46 GMT" time="29.197" errors="0">
  <testcase name="Company_Search_Candidate" time="29.197" classname="Hiremee_Company_Module_Testcases.company_Search_Candidate_Testcase"/>
</testsuite> <!-- Hiremee_Company_Module_Testcases.company_Search_Candidate_Testcase -->
