<?xml version="1.0" encoding="UTF-8"?>
<!-- Generated by org.testng.reporters.JUnitReportReporter -->
<testsuite skipped="0" hostname="V2IT01" name="Hiremee_Pro_Company_Module_Testcase.Pro_Manage_Assessment_Testcase" tests="1" failures="0" timestamp="29 Mar 2019 05:02:21 GMT" time="30.094" errors="0">
  <testcase name="Manage_Assessment_Testcase" time="30.094" classname="Hiremee_Pro_Company_Module_Testcase.Pro_Manage_Assessment_Testcase"/>
</testsuite> <!-- Hiremee_Pro_Company_Module_Testcase.Pro_Manage_Assessment_Testcase -->
